::1 - - [23/Nov/2012:15:05:30 +0100] "GET /phpmyadmin HTTP/1.1" 301 241
::1 - - [23/Nov/2012:15:05:30 +0100] "GET /phpmyadmin/ HTTP/1.1" 200 2609
::1 - - [23/Nov/2012:15:05:30 +0100] "GET /phpmyadmin/navigation.php?token=04cd2f77ab50f4850412ef963ffd9aa7 HTTP/1.1" 200 4061
::1 - - [23/Nov/2012:15:05:31 +0100] "GET /phpmyadmin/themes/pmahomme/img/database.png HTTP/1.1" 200 390
::1 - - [23/Nov/2012:15:05:30 +0100] "GET /phpmyadmin/main.php?token=04cd2f77ab50f4850412ef963ffd9aa7 HTTP/1.1" 200 38852
::1 - - [23/Nov/2012:15:05:33 +0100] "GET /phpmyadmin/js/jquery/jquery.sprintf.js?ts=1324476472 HTTP/1.1" 200 987
::1 - - [23/Nov/2012:15:05:33 +0100] "GET /phpmyadmin/js/messages.php?lang=nl&db=&token=04cd2f77ab50f4850412ef963ffd9aa7 HTTP/1.1" 200 5280
::1 - - [23/Nov/2012:15:05:33 +0100] "GET /phpmyadmin/themes/pmahomme/img/s_process.png HTTP/1.1" 200 512
::1 - - [23/Nov/2012:15:05:33 +0100] "GET /phpmyadmin/themes/pmahomme/img/s_status.png HTTP/1.1" 200 673
::1 - - [23/Nov/2012:15:05:33 +0100] "GET /phpmyadmin/themes/pmahomme/img/b_export.png HTTP/1.1" 200 641
::1 - - [23/Nov/2012:15:05:33 +0100] "GET /phpmyadmin/themes/pmahomme/img/s_rights.png HTTP/1.1" 200 533
::1 - - [23/Nov/2012:15:05:33 +0100] "GET /phpmyadmin/themes/pmahomme/img/b_engine.png HTTP/1.1" 200 468
::1 - - [23/Nov/2012:15:05:33 +0100] "GET /phpmyadmin/themes/pmahomme/img/s_asci.png HTTP/1.1" 200 209
::1 - - [23/Nov/2012:15:05:33 +0100] "GET /phpmyadmin/themes/pmahomme/img/s_vars.png HTTP/1.1" 200 603
::1 - - [23/Nov/2012:15:05:33 +0100] "GET /phpmyadmin/themes/pmahomme/img/s_replication.png HTTP/1.1" 200 447
::1 - - [23/Nov/2012:15:05:33 +0100] "GET /phpmyadmin/themes/pmahomme/img/s_sync.png HTTP/1.1" 200 551
::1 - - [23/Nov/2012:15:05:33 +0100] "GET /phpmyadmin/themes/pmahomme/img/b_import.png HTTP/1.1" 200 629
::1 - - [23/Nov/2012:15:05:33 +0100] "GET /phpmyadmin/themes/pmahomme/img/s_passwd.png HTTP/1.1" 200 435
::1 - - [23/Nov/2012:15:05:33 +0100] "GET /phpmyadmin/themes/pmahomme/img/s_lang.png HTTP/1.1" 200 743
::1 - - [23/Nov/2012:15:05:33 +0100] "GET /phpmyadmin/themes/pmahomme/img/s_theme.png HTTP/1.1" 200 856
::1 - - [23/Nov/2012:15:05:41 +0100] "GET /phpmyadmin/themes/pmahomme/img/tab_hover_bg.png HTTP/1.1" 200 1278
::1 - - [23/Nov/2012:15:05:42 +0100] "GET /phpmyadmin/index.php?db=forum&token=04cd2f77ab50f4850412ef963ffd9aa7 HTTP/1.1" 200 2648
::1 - - [23/Nov/2012:15:05:42 +0100] "GET /phpmyadmin/navigation.php?token=04cd2f77ab50f4850412ef963ffd9aa7&db=forum HTTP/1.1" 200 5113
::1 - - [23/Nov/2012:15:05:42 +0100] "GET /phpmyadmin/db_structure.php?token=04cd2f77ab50f4850412ef963ffd9aa7&db=forum HTTP/1.1" 200 15353
::1 - - [23/Nov/2012:15:05:43 +0100] "GET /phpmyadmin/js/db_structure.js?ts=1324476472 HTTP/1.1" 200 3178
::1 - - [23/Nov/2012:15:05:43 +0100] "GET /phpmyadmin/themes/pmahomme/img/s_asc.png HTTP/1.1" 200 201
::1 - - [23/Nov/2012:15:05:43 +0100] "GET /phpmyadmin/themes/pmahomme/img/bd_browse.png HTTP/1.1" 200 200
::1 - - [23/Nov/2012:15:05:43 +0100] "GET /phpmyadmin/themes/pmahomme/img/bd_empty.png HTTP/1.1" 200 231
::1 - - [23/Nov/2012:15:05:43 +0100] "GET /phpmyadmin/themes/pmahomme/img/b_newtbl.png HTTP/1.1" 200 325
::1 - - [23/Nov/2012:15:05:43 +0100] "GET /phpmyadmin/themes/pmahomme/img/bd_select.png HTTP/1.1" 200 459
::1 - - [23/Nov/2012:15:05:46 +0100] "POST /post/save HTTP/1.1" 500 10501
::1 - - [23/Nov/2012:15:06:13 +0100] "POST /post/save HTTP/1.1" 200 14
::1 - - [23/Nov/2012:15:06:16 +0100] "GET /phpmyadmin/db_structure.php?db=forum&server=1&token=04cd2f77ab50f4850412ef963ffd9aa7 HTTP/1.1" 200 15363
::1 - - [23/Nov/2012:15:06:17 +0100] "GET /phpmyadmin/themes/pmahomme/img/b_select.png HTTP/1.1" 200 680
::1 - - [23/Nov/2012:15:06:17 +0100] "GET /phpmyadmin/themes/pmahomme/img/b_empty.png HTTP/1.1" 200 363
::1 - - [23/Nov/2012:15:06:17 +0100] "GET /phpmyadmin/db_structure.php?db=forum&server=1&token=04cd2f77ab50f4850412ef963ffd9aa7 HTTP/1.1" 200 15363
::1 - - [23/Nov/2012:15:06:17 +0100] "GET /phpmyadmin/themes/pmahomme/img/s_desc.png HTTP/1.1" 200 201
::1 - - [23/Nov/2012:15:06:18 +0100] "GET /phpmyadmin/sql.php?db=forum&token=04cd2f77ab50f4850412ef963ffd9aa7&goto=db_structure.php&table=posts&pos=0 HTTP/1.1" 200 22135
::1 - - [23/Nov/2012:15:06:18 +0100] "GET /phpmyadmin/js/sql.js?ts=1324476472 HTTP/1.1" 200 15945
::1 - - [23/Nov/2012:15:06:18 +0100] "GET /phpmyadmin/themes/pmahomme/img/s_fulltext.png HTTP/1.1" 200 244
::1 - - [23/Nov/2012:15:06:18 +0100] "GET /phpmyadmin/themes/pmahomme/img/b_chart.png HTTP/1.1" 200 541
::1 - - [23/Nov/2012:15:06:18 +0100] "GET /phpmyadmin/themes/pmahomme/img/b_inline_edit.png HTTP/1.1" 200 618
::1 - - [23/Nov/2012:15:06:18 +0100] "GET /phpmyadmin/themes/pmahomme/img/b_views.png HTTP/1.1" 200 700
::1 - - [23/Nov/2012:15:07:04 +0100] "POST /post/save HTTP/1.1" 500 10606
::1 - - [23/Nov/2012:15:07:17 +0100] "POST /post/save HTTP/1.1" 200 14
::1 - - [23/Nov/2012:15:07:23 +0100] "GET /phpmyadmin/sql.php?db=forum&table=posts&token=04cd2f77ab50f4850412ef963ffd9aa7&pos=0 HTTP/1.1" 200 19298
::1 - - [23/Nov/2012:15:07:23 +0100] "GET /phpmyadmin/sql.php?db=forum&table=posts&token=04cd2f77ab50f4850412ef963ffd9aa7&pos=0 HTTP/1.1" 200 26706
::1 - - [23/Nov/2012:15:11:15 +0100] "GET /phpmyadmin/sql.php?db=forum&table=posts&sql_query=DELETE+FROM+%60forum%60.%60posts%60+WHERE+%60posts%60.%60PostID%60+%3D+1&message_to_show=De+rij+is+verwijderd&goto=sql.php%3Fdb%3Dforum%26table%3Dposts%26sql_query%3DSELECT%2B%252A%2BFROM%2B%2560posts%2560%26message_to_show%3DDe%2Brij%2Bis%2Bverwijderd%26goto%3Dtbl_structure.php%26token%3D04cd2f77ab50f4850412ef963ffd9aa7&token=04cd2f77ab50f4850412ef963ffd9aa7&is_js_confirmed=1 HTTP/1.1" 302 -
::1 - - [23/Nov/2012:15:11:15 +0100] "GET /phpmyadmin/sql.php?db=forum&table=posts&sql_query=SELECT+%2A+FROM+%60posts%60&message_to_show=De+rij+is+verwijderd&goto=tbl_structure.php&token=04cd2f77ab50f4850412ef963ffd9aa7&message=1+rij+verwijderd.+%28+Query+duurde+0.0018+sec+%29 HTTP/1.1" 200 21751
::1 - - [23/Nov/2012:15:11:22 +0100] "POST /post/save HTTP/1.1" 200 14
::1 - - [23/Nov/2012:15:11:26 +0100] "GET /phpmyadmin/sql.php?db=forum&table=posts&token=04cd2f77ab50f4850412ef963ffd9aa7&pos=0 HTTP/1.1" 200 26730
::1 - - [23/Nov/2012:15:11:30 +0100] "GET /post/overview/1 HTTP/1.1" 500 10556
::1 - - [23/Nov/2012:15:11:31 +0100] "GET /favicon.ico HTTP/1.1" 404 12163
::1 - - [23/Nov/2012:15:11:53 +0100] "GET /post/overview/1 HTTP/1.1" 500 10563
::1 - - [23/Nov/2012:15:11:55 +0100] "GET /favicon.ico HTTP/1.1" 404 12163
::1 - - [23/Nov/2012:15:12:11 +0100] "GET /post/overview/1 HTTP/1.1" 200 369
::1 - - [23/Nov/2012:15:12:11 +0100] "GET /favicon.ico HTTP/1.1" 404 12163
::1 - - [23/Nov/2012:15:12:29 +0100] "GET /post/overview/1 HTTP/1.1" 200 368
::1 - - [23/Nov/2012:15:12:30 +0100] "GET /favicon.ico HTTP/1.1" 404 12163
::1 - - [23/Nov/2012:15:12:43 +0100] "GET /post/overview/1 HTTP/1.1" 200 920
::1 - - [23/Nov/2012:15:12:43 +0100] "GET /src/js/posts.js HTTP/1.1" 304 -
::1 - - [23/Nov/2012:15:12:43 +0100] "GET /src/js/jquery.js HTTP/1.1" 304 -
::1 - - [23/Nov/2012:15:12:43 +0100] "GET /src/js/authors.js HTTP/1.1" 404 12187
::1 - - [23/Nov/2012:15:12:44 +0100] "GET /favicon.ico HTTP/1.1" 404 12163
::1 - - [23/Nov/2012:15:14:08 +0100] "GET /post/overview/1 HTTP/1.1" 200 172
::1 - - [23/Nov/2012:15:14:09 +0100] "GET /favicon.ico HTTP/1.1" 404 12163
::1 - - [23/Nov/2012:15:14:32 +0100] "GET /post/overview/1 HTTP/1.1" 200 652
::1 - - [23/Nov/2012:15:14:33 +0100] "GET /favicon.ico HTTP/1.1" 404 12163
::1 - - [23/Nov/2012:15:17:04 +0100] "GET /post/overview/1 HTTP/1.1" 200 950
::1 - - [23/Nov/2012:15:17:04 +0100] "GET /src/js/jquery.js HTTP/1.1" 304 -
::1 - - [23/Nov/2012:15:17:04 +0100] "GET /src/js/posts.js HTTP/1.1" 304 -
::1 - - [23/Nov/2012:15:17:04 +0100] "GET /src/js/authors.js HTTP/1.1" 404 12187
::1 - - [23/Nov/2012:15:17:04 +0100] "GET /favicon.ico HTTP/1.1" 404 12163
::1 - - [23/Nov/2012:15:17:30 +0100] "GET /post/overview/1 HTTP/1.1" 200 175
::1 - - [23/Nov/2012:15:17:32 +0100] "GET /favicon.ico HTTP/1.1" 404 12163
::1 - - [23/Nov/2012:15:17:41 +0100] "GET /post/overview/1 HTTP/1.1" 200 175
::1 - - [23/Nov/2012:15:17:41 +0100] "GET /favicon.ico HTTP/1.1" 404 12163
::1 - - [23/Nov/2012:15:18:07 +0100] "GET /post/overview/1 HTTP/1.1" 200 920
::1 - - [23/Nov/2012:15:18:08 +0100] "GET /src/js/posts.js HTTP/1.1" 304 -
::1 - - [23/Nov/2012:15:18:08 +0100] "GET /src/js/jquery.js HTTP/1.1" 304 -
::1 - - [23/Nov/2012:15:18:08 +0100] "GET /src/js/authors.js HTTP/1.1" 404 12187
::1 - - [23/Nov/2012:15:18:08 +0100] "GET /favicon.ico HTTP/1.1" 404 12163
::1 - - [23/Nov/2012:15:18:46 +0100] "GET /post/overview/1 HTTP/1.1" 200 828
::1 - - [23/Nov/2012:15:18:46 +0100] "GET /src/js/jquery.js HTTP/1.1" 304 -
::1 - - [23/Nov/2012:15:18:46 +0100] "GET /src/js/posts.js HTTP/1.1" 304 -
::1 - - [23/Nov/2012:15:18:46 +0100] "GET /src/js/authors.js HTTP/1.1" 404 12187
::1 - - [23/Nov/2012:15:18:48 +0100] "GET /favicon.ico HTTP/1.1" 404 12163
::1 - - [23/Nov/2012:15:18:57 +0100] "GET /post/overview/1 HTTP/1.1" 200 822
::1 - - [23/Nov/2012:15:18:57 +0100] "GET /src/js/jquery.js HTTP/1.1" 304 -
::1 - - [23/Nov/2012:15:18:57 +0100] "GET /src/js/posts.js HTTP/1.1" 304 -
::1 - - [23/Nov/2012:15:18:57 +0100] "GET /src/js/authors.js HTTP/1.1" 404 12187
::1 - - [23/Nov/2012:15:18:58 +0100] "GET /favicon.ico HTTP/1.1" 404 12163
::1 - - [23/Nov/2012:15:19:11 +0100] "GET /post/overview/1 HTTP/1.1" 200 920
::1 - - [23/Nov/2012:15:19:12 +0100] "GET /src/js/jquery.js HTTP/1.1" 304 -
::1 - - [23/Nov/2012:15:19:12 +0100] "GET /src/js/posts.js HTTP/1.1" 304 -
::1 - - [23/Nov/2012:15:19:12 +0100] "GET /src/js/authors.js HTTP/1.1" 404 12187
::1 - - [23/Nov/2012:15:19:13 +0100] "GET /favicon.ico HTTP/1.1" 404 12163
::1 - - [23/Nov/2012:15:19:17 +0100] "GET /post/overview/2 HTTP/1.1" 200 768
::1 - - [23/Nov/2012:15:19:17 +0100] "GET /src/js/authors.js HTTP/1.1" 404 12187
::1 - - [23/Nov/2012:15:19:18 +0100] "GET /favicon.ico HTTP/1.1" 404 12163
::1 - - [23/Nov/2012:15:19:20 +0100] "GET /post/overview/1 HTTP/1.1" 200 920
::1 - - [23/Nov/2012:15:19:20 +0100] "GET /src/js/authors.js HTTP/1.1" 404 12187
::1 - - [23/Nov/2012:15:19:20 +0100] "GET /favicon.ico HTTP/1.1" 404 12163
::1 - - [23/Nov/2012:15:19:28 +0100] "GET /post/overview/1 HTTP/1.1" 200 845
::1 - - [23/Nov/2012:15:19:29 +0100] "GET /src/js/jquery.js HTTP/1.1" 304 -
::1 - - [23/Nov/2012:15:19:29 +0100] "GET /src/js/posts.js HTTP/1.1" 304 -
::1 - - [23/Nov/2012:15:19:29 +0100] "GET /src/js/authors.js HTTP/1.1" 404 12187
::1 - - [23/Nov/2012:15:19:30 +0100] "GET /favicon.ico HTTP/1.1" 404 12163
::1 - - [23/Nov/2012:15:19:31 +0100] "GET /post/overview/2 HTTP/1.1" 200 843
::1 - - [23/Nov/2012:15:19:32 +0100] "GET /src/js/authors.js HTTP/1.1" 404 12187
::1 - - [23/Nov/2012:15:19:33 +0100] "GET /favicon.ico HTTP/1.1" 404 12163
::1 - - [23/Nov/2012:15:19:39 +0100] "GET /post/overview/2 HTTP/1.1" 200 663
::1 - - [23/Nov/2012:15:19:40 +0100] "GET /src/js/posts.js HTTP/1.1" 304 -
::1 - - [23/Nov/2012:15:19:40 +0100] "GET /src/js/jquery.js HTTP/1.1" 304 -
::1 - - [23/Nov/2012:15:19:40 +0100] "GET /src/js/authors.js HTTP/1.1" 404 12187
::1 - - [23/Nov/2012:15:19:41 +0100] "GET /favicon.ico HTTP/1.1" 404 12163
::1 - - [23/Nov/2012:15:19:42 +0100] "GET /post/overview/1 HTTP/1.1" 200 822
::1 - - [23/Nov/2012:15:19:43 +0100] "GET /src/js/authors.js HTTP/1.1" 404 12187
::1 - - [23/Nov/2012:15:19:44 +0100] "GET /favicon.ico HTTP/1.1" 404 12163
::1 - - [23/Nov/2012:15:26:26 +0100] "GET /post/3 HTTP/1.1" 200 1068
::1 - - [23/Nov/2012:15:26:27 +0100] "GET /src/js/authors.js HTTP/1.1" 404 12187
::1 - - [23/Nov/2012:15:26:28 +0100] "GET /favicon.ico HTTP/1.1" 404 12163
::1 - - [23/Nov/2012:15:28:00 +0100] "GET /post/3 HTTP/1.1" 200 544
::1 - - [23/Nov/2012:15:28:01 +0100] "GET /src/js/authors.js HTTP/1.1" 404 12187
::1 - - [23/Nov/2012:15:28:02 +0100] "GET /favicon.ico HTTP/1.1" 404 12163
::1 - - [23/Nov/2012:15:28:12 +0100] "GET /author/overview HTTP/1.1" 200 21
::1 - - [23/Nov/2012:15:28:13 +0100] "GET /favicon.ico HTTP/1.1" 404 12163
::1 - - [23/Nov/2012:15:28:17 +0100] "GET /favicon.ico HTTP/1.1" 404 12163
::1 - - [23/Nov/2012:15:28:19 +0100] "GET /post/overview/1 HTTP/1.1" 200 822
::1 - - [23/Nov/2012:15:28:19 +0100] "GET /src/js/authors.js HTTP/1.1" 404 12187
::1 - - [23/Nov/2012:15:28:19 +0100] "GET /favicon.ico HTTP/1.1" 404 12163
::1 - - [23/Nov/2012:15:28:21 +0100] "GET /post/2 HTTP/1.1" 200 540
::1 - - [23/Nov/2012:15:28:21 +0100] "GET /src/js/authors.js HTTP/1.1" 404 12187
::1 - - [23/Nov/2012:15:28:22 +0100] "GET /favicon.ico HTTP/1.1" 404 12163
::1 - - [23/Nov/2012:15:52:03 +0100] "GET /author/new HTTP/1.1" 500 7198
::1 - - [23/Nov/2012:15:52:05 +0100] "GET /favicon.ico HTTP/1.1" 404 12163
::1 - - [23/Nov/2012:15:52:30 +0100] "GET /author/new HTTP/1.1" 200 1196
::1 - - [23/Nov/2012:15:52:31 +0100] "GET /src/js/jquery.js HTTP/1.1" 304 -
::1 - - [23/Nov/2012:15:52:31 +0100] "GET /src/js/posts.js HTTP/1.1" 304 -
::1 - - [23/Nov/2012:15:52:31 +0100] "GET /src/js/authors.js HTTP/1.1" 404 12187
::1 - - [23/Nov/2012:15:52:31 +0100] "GET /favicon.ico HTTP/1.1" 404 12163
::1 - - [23/Nov/2012:15:52:54 +0100] "GET /author/new HTTP/1.1" 200 702
::1 - - [23/Nov/2012:15:52:55 +0100] "GET /favicon.ico HTTP/1.1" 404 12163
::1 - - [23/Nov/2012:15:53:54 +0100] "GET /author/new HTTP/1.1" 200 2113
::1 - - [23/Nov/2012:15:53:55 +0100] "GET /src/js/jquery.js HTTP/1.1" 304 -
::1 - - [23/Nov/2012:15:53:55 +0100] "GET /src/js/posts.js HTTP/1.1" 304 -
::1 - - [23/Nov/2012:15:53:55 +0100] "GET /src/js/authors.js HTTP/1.1" 404 12187
::1 - - [23/Nov/2012:15:53:56 +0100] "GET /favicon.ico HTTP/1.1" 404 12163
::1 - - [23/Nov/2012:15:54:27 +0100] "POST /post/save HTTP/1.1" 200 14
::1 - - [23/Nov/2012:15:54:32 +0100] "GET /phpmyadmin/sql.php?db=forum&table=posts&token=04cd2f77ab50f4850412ef963ffd9aa7&pos=0 HTTP/1.1" 200 7716
::1 - - [23/Nov/2012:15:54:33 +0100] "GET /phpmyadmin/themes/pmahomme/img/s_error.png HTTP/1.1" 200 701
::1 - - [23/Nov/2012:15:54:33 +0100] "GET /phpmyadmin/themes/pmahomme/img/logo_right.png HTTP/1.1" 200 4921
::1 - - [23/Nov/2012:15:54:33 +0100] "GET /phpmyadmin/sql.php?db=forum&table=posts&token=04cd2f77ab50f4850412ef963ffd9aa7&pos=0 HTTP/1.1" 200 7716
::1 - - [23/Nov/2012:15:54:33 +0100] "GET /phpmyadmin/themes/pmahomme/img/logo_right.png HTTP/1.1" 200 4921
::1 - - [23/Nov/2012:15:54:35 +0100] "POST /phpmyadmin/index.php HTTP/1.1" 302 -
::1 - - [23/Nov/2012:15:54:35 +0100] "GET /phpmyadmin/index.php?db=forum&table=posts&target=sql.php&token=04cd2f77ab50f4850412ef963ffd9aa7 HTTP/1.1" 200 2714
::1 - - [23/Nov/2012:15:54:35 +0100] "GET /phpmyadmin/navigation.php?target=sql.php&token=04cd2f77ab50f4850412ef963ffd9aa7&db=forum&table=posts HTTP/1.1" 200 5129
::1 - - [23/Nov/2012:15:54:35 +0100] "GET /phpmyadmin/sql.php?target=sql.php&token=04cd2f77ab50f4850412ef963ffd9aa7&db=forum&table=posts HTTP/1.1" 200 29224
::1 - - [23/Nov/2012:15:54:40 +0100] "GET /phpmyadmin/sql.php?db=forum&table=posts&sql_query=DELETE+FROM+%60forum%60.%60posts%60+WHERE+%60posts%60.%60PostID%60+%3D+4&message_to_show=De+rij+is+verwijderd&goto=sql.php%3Fdb%3Dforum%26table%3Dposts%26sql_query%3DSELECT%2B%252A%2BFROM%2B%2560posts%2560%26message_to_show%3DDe%2Brij%2Bis%2Bverwijderd%26goto%3Dtbl_structure.php%26token%3D04cd2f77ab50f4850412ef963ffd9aa7&token=04cd2f77ab50f4850412ef963ffd9aa7&is_js_confirmed=1 HTTP/1.1" 302 -
::1 - - [23/Nov/2012:15:54:41 +0100] "GET /phpmyadmin/sql.php?db=forum&table=posts&sql_query=SELECT+%2A+FROM+%60posts%60&message_to_show=De+rij+is+verwijderd&goto=tbl_structure.php&token=04cd2f77ab50f4850412ef963ffd9aa7&message=1+rij+verwijderd.+%28+Query+duurde+0.0080+sec+%29 HTTP/1.1" 200 26352
::1 - - [23/Nov/2012:16:17:53 +0100] "GET /author/new HTTP/1.1" 200 2120
::1 - - [23/Nov/2012:16:17:58 +0100] "GET /src/js/authors.js HTTP/1.1" 200 935
::1 - - [23/Nov/2012:16:17:59 +0100] "GET /favicon.ico HTTP/1.1" 404 12163
::1 - - [23/Nov/2012:16:19:23 +0100] "GET /author/new HTTP/1.1" 200 2120
::1 - - [23/Nov/2012:16:19:24 +0100] "GET /src/js/jquery.js HTTP/1.1" 304 -
::1 - - [23/Nov/2012:16:19:24 +0100] "GET /src/js/posts.js HTTP/1.1" 304 -
::1 - - [23/Nov/2012:16:19:24 +0100] "GET /src/js/authors.js HTTP/1.1" 200 938
::1 - - [23/Nov/2012:16:19:25 +0100] "GET /favicon.ico HTTP/1.1" 404 12163
::1 - - [23/Nov/2012:16:21:02 +0100] "GET /author/new HTTP/1.1" 200 2120
::1 - - [23/Nov/2012:16:21:03 +0100] "GET /src/js/jquery.js HTTP/1.1" 304 -
::1 - - [23/Nov/2012:16:21:03 +0100] "GET /src/js/posts.js HTTP/1.1" 304 -
::1 - - [23/Nov/2012:16:21:03 +0100] "GET /src/js/authors.js HTTP/1.1" 200 939
::1 - - [23/Nov/2012:16:21:04 +0100] "GET /favicon.ico HTTP/1.1" 404 12163
::1 - - [23/Nov/2012:16:21:22 +0100] "GET /author/new HTTP/1.1" 200 2120
::1 - - [23/Nov/2012:16:21:23 +0100] "GET /src/js/jquery.js HTTP/1.1" 304 -
::1 - - [23/Nov/2012:16:21:23 +0100] "GET /src/js/posts.js HTTP/1.1" 304 -
::1 - - [23/Nov/2012:16:21:23 +0100] "GET /src/js/authors.js HTTP/1.1" 200 914
::1 - - [23/Nov/2012:16:21:24 +0100] "GET /favicon.ico HTTP/1.1" 404 12163
::1 - - [23/Nov/2012:16:22:10 +0100] "GET /author/new HTTP/1.1" 200 2120
::1 - - [23/Nov/2012:16:22:11 +0100] "GET /src/js/jquery.js HTTP/1.1" 304 -
::1 - - [23/Nov/2012:16:22:11 +0100] "GET /src/js/posts.js HTTP/1.1" 304 -
::1 - - [23/Nov/2012:16:22:11 +0100] "GET /src/js/authors.js HTTP/1.1" 200 702
::1 - - [23/Nov/2012:16:22:11 +0100] "GET /favicon.ico HTTP/1.1" 404 12163
::1 - - [23/Nov/2012:16:22:21 +0100] "GET /author/new HTTP/1.1" 200 2120
::1 - - [23/Nov/2012:16:22:22 +0100] "GET /src/js/jquery.js HTTP/1.1" 304 -
::1 - - [23/Nov/2012:16:22:22 +0100] "GET /src/js/authors.js HTTP/1.1" 200 916
::1 - - [23/Nov/2012:16:22:22 +0100] "GET /src/js/posts.js HTTP/1.1" 304 -
::1 - - [23/Nov/2012:16:22:23 +0100] "GET /favicon.ico HTTP/1.1" 404 12163
::1 - - [23/Nov/2012:16:22:40 +0100] "GET /author/new HTTP/1.1" 200 2120
::1 - - [23/Nov/2012:16:22:40 +0100] "GET /src/js/posts.js HTTP/1.1" 304 -
::1 - - [23/Nov/2012:16:22:40 +0100] "GET /src/js/jquery.js HTTP/1.1" 304 -
::1 - - [23/Nov/2012:16:22:40 +0100] "GET /src/js/authors.js HTTP/1.1" 200 919
::1 - - [23/Nov/2012:16:22:41 +0100] "GET /favicon.ico HTTP/1.1" 404 12163
::1 - - [23/Nov/2012:16:22:52 +0100] "GET /author/new HTTP/1.1" 200 2120
::1 - - [23/Nov/2012:16:22:53 +0100] "GET /src/js/jquery.js HTTP/1.1" 304 -
::1 - - [23/Nov/2012:16:22:53 +0100] "GET /src/js/posts.js HTTP/1.1" 304 -
::1 - - [23/Nov/2012:16:22:53 +0100] "GET /src/js/authors.js HTTP/1.1" 200 919
::1 - - [23/Nov/2012:16:22:54 +0100] "GET /favicon.ico HTTP/1.1" 404 12163
::1 - - [23/Nov/2012:16:23:25 +0100] "GET /author/new?form%5Btype%5D=new&form%5BAuthorID%5D=0&form%5Bfirstname%5D=Thomas&form%5Blastname%5D=Oomens&form%5Bstreet%5D=Mr.+Aalbersestraat&form%5Bstreetnr%5D=4&form%5Bzipcode%5D=4844+AW&form%5Bcity%5D=Terheijden&form%5Btelephone%5D=0652695792&form%5Bemail%5D=thomas.oomens%40live.nl&form%5B_token%5D=0164a023102b4d0be954782b0fb4e5454f4fa1e8 HTTP/1.1" 200 2120
::1 - - [23/Nov/2012:16:23:26 +0100] "GET /src/js/authors.js HTTP/1.1" 304 -
::1 - - [23/Nov/2012:16:23:27 +0100] "GET /favicon.ico HTTP/1.1" 404 12163
::1 - - [23/Nov/2012:16:29:52 +0100] "GET /author/new HTTP/1.1" 200 2120
::1 - - [23/Nov/2012:16:29:53 +0100] "GET /favicon.ico HTTP/1.1" 404 12163
::1 - - [23/Nov/2012:16:29:56 +0100] "GET /author/new?form%5Btype%5D=new&form%5BAuthorID%5D=0&form%5Bfirstname%5D=Thomas&form%5Blastname%5D=Oomens&form%5Bstreet%5D=Mr.+Aalbersestraat&form%5Bstreetnr%5D=4&form%5Bzipcode%5D=4844+AW&form%5Bcity%5D=Terheijden&form%5Btelephone%5D=0652695792&form%5Bemail%5D=thomas.oomens%40live.nl&form%5B_token%5D=0164a023102b4d0be954782b0fb4e5454f4fa1e8 HTTP/1.1" 200 2120
::1 - - [23/Nov/2012:16:29:57 +0100] "GET /src/js/authors.js HTTP/1.1" 200 936
::1 - - [23/Nov/2012:16:29:58 +0100] "GET /favicon.ico HTTP/1.1" 404 12163
::1 - - [23/Nov/2012:16:30:09 +0100] "GET /author/new HTTP/1.1" 200 2120
::1 - - [23/Nov/2012:16:30:10 +0100] "GET /favicon.ico HTTP/1.1" 404 12163
::1 - - [23/Nov/2012:16:30:17 +0100] "GET /phpmyadmin/tbl_structure.php?db=forum&table=posts&token=04cd2f77ab50f4850412ef963ffd9aa7 HTTP/1.1" 200 7726
::1 - - [23/Nov/2012:16:30:18 +0100] "GET /phpmyadmin/tbl_structure.php?db=forum&table=posts&token=04cd2f77ab50f4850412ef963ffd9aa7 HTTP/1.1" 200 7726
::1 - - [23/Nov/2012:16:30:21 +0100] "POST /phpmyadmin/index.php HTTP/1.1" 302 -
::1 - - [23/Nov/2012:16:30:21 +0100] "GET /phpmyadmin/index.php?db=forum&table=posts&target=tbl_structure.php&token=04cd2f77ab50f4850412ef963ffd9aa7 HTTP/1.1" 200 2744
::1 - - [23/Nov/2012:16:30:22 +0100] "GET /phpmyadmin/navigation.php?target=tbl_structure.php&token=04cd2f77ab50f4850412ef963ffd9aa7&db=forum&table=posts HTTP/1.1" 200 5129
::1 - - [23/Nov/2012:16:30:22 +0100] "GET /phpmyadmin/tbl_structure.php?target=tbl_structure.php&token=04cd2f77ab50f4850412ef963ffd9aa7&db=forum&table=posts HTTP/1.1" 200 55943
::1 - - [23/Nov/2012:16:30:23 +0100] "GET /phpmyadmin/js/tbl_structure.js?ts=1324476472 HTTP/1.1" 200 1972
::1 - - [23/Nov/2012:16:30:23 +0100] "GET /phpmyadmin/themes/pmahomme/img/bd_primary.png HTTP/1.1" 200 312
::1 - - [23/Nov/2012:16:30:23 +0100] "GET /phpmyadmin/themes/pmahomme/img/bd_ftext.png HTTP/1.1" 200 219
::1 - - [23/Nov/2012:16:30:23 +0100] "GET /phpmyadmin/themes/pmahomme/img/bd_unique.png HTTP/1.1" 200 218
::1 - - [23/Nov/2012:16:30:23 +0100] "GET /phpmyadmin/themes/pmahomme/img/bd_index.png HTTP/1.1" 200 253
::1 - - [23/Nov/2012:16:30:23 +0100] "GET /phpmyadmin/themes/pmahomme/img/b_relations.png HTTP/1.1" 200 217
::1 - - [23/Nov/2012:16:30:23 +0100] "GET /phpmyadmin/themes/pmahomme/img/b_unique.png HTTP/1.1" 200 1475
::1 - - [23/Nov/2012:16:30:23 +0100] "GET /phpmyadmin/themes/pmahomme/img/more.png HTTP/1.1" 200 553
::1 - - [23/Nov/2012:16:30:23 +0100] "GET /phpmyadmin/themes/pmahomme/img/b_index.png HTTP/1.1" 200 736
::1 - - [23/Nov/2012:16:30:23 +0100] "GET /phpmyadmin/themes/pmahomme/img/b_primary.png HTTP/1.1" 200 612
::1 - - [23/Nov/2012:16:30:24 +0100] "GET /phpmyadmin/tbl_create.php?db=forum&token=04cd2f77ab50f4850412ef963ffd9aa7 HTTP/1.1" 200 84373
::1 - - [23/Nov/2012:16:30:25 +0100] "GET /phpmyadmin/navigation.php?server=1&token=04cd2f77ab50f4850412ef963ffd9aa7&db=forum&table=&lang=nl&collation_connection=utf8_general_ci HTTP/1.1" 200 5113
::1 - - [23/Nov/2012:16:38:33 +0100] "GET /author/new?form%5Btype%5D=new&form%5BAuthorID%5D=0&form%5Bfirstname%5D=Thomas&form%5Blastname%5D=Oomens&form%5Bstreet%5D=Mr.+Aalbersestraat&form%5Bstreetnr%5D=4&form%5Bzipcode%5D=4844+AW&form%5Bcity%5D=Terheijden&form%5Btelephone%5D=0652695792&form%5Bemail%5D=thomas.oomens%40live.nl&form%5B_token%5D=0164a023102b4d0be954782b0fb4e5454f4fa1e8 HTTP/1.1" 200 177
::1 - - [23/Nov/2012:16:38:34 +0100] "GET /favicon.ico HTTP/1.1" 404 12163
::1 - - [23/Nov/2012:16:38:48 +0100] "GET /author/new?form%5Btype%5D=new&form%5BAuthorID%5D=0&form%5Bfirstname%5D=Thomas&form%5Blastname%5D=Oomens&form%5Bstreet%5D=Mr.+Aalbersestraat&form%5Bstreetnr%5D=4&form%5Bzipcode%5D=4844+AW&form%5Bcity%5D=Terheijden&form%5Btelephone%5D=0652695792&form%5Bemail%5D=thomas.oomens%40live.nl&form%5B_token%5D=0164a023102b4d0be954782b0fb4e5454f4fa1e8 HTTP/1.1" 200 2442
::1 - - [23/Nov/2012:16:38:48 +0100] "GET /src/js/posts.js HTTP/1.1" 304 -
::1 - - [23/Nov/2012:16:38:48 +0100] "GET /src/js/jquery.js HTTP/1.1" 304 -
::1 - - [23/Nov/2012:16:38:48 +0100] "GET /src/js/authors.js HTTP/1.1" 200 1090
::1 - - [23/Nov/2012:16:38:50 +0100] "GET /favicon.ico HTTP/1.1" 404 12163
::1 - - [23/Nov/2012:16:38:53 +0100] "GET /author/new HTTP/1.1" 200 2442
::1 - - [23/Nov/2012:16:38:55 +0100] "GET /favicon.ico HTTP/1.1" 404 12163
::1 - - [23/Nov/2012:16:39:08 +0100] "POST /author/save HTTP/1.1" 200 538
::1 - - [23/Nov/2012:16:40:00 +0100] "POST /author/save HTTP/1.1" 200 197
::1 - - [23/Nov/2012:16:40:05 +0100] "POST /author/save HTTP/1.1" 500 12198
::1 - - [23/Nov/2012:16:41:24 +0100] "POST /author/save HTTP/1.1" 500 12086
::1 - - [23/Nov/2012:16:42:20 +0100] "POST /author/save HTTP/1.1" 200 206
::1 - - [23/Nov/2012:16:42:43 +0100] "GET /author/new HTTP/1.1" 200 2442
::1 - - [23/Nov/2012:16:42:44 +0100] "GET /src/js/jquery.js HTTP/1.1" 304 -
::1 - - [23/Nov/2012:16:42:44 +0100] "GET /src/js/posts.js HTTP/1.1" 304 -
::1 - - [23/Nov/2012:16:42:44 +0100] "GET /src/js/authors.js HTTP/1.1" 304 -
::1 - - [23/Nov/2012:16:42:45 +0100] "GET /favicon.ico HTTP/1.1" 404 12163
::1 - - [23/Nov/2012:16:42:46 +0100] "GET /post/2 HTTP/1.1" 200 540
::1 - - [23/Nov/2012:16:42:47 +0100] "GET /favicon.ico HTTP/1.1" 404 12163
::1 - - [23/Nov/2012:16:42:48 +0100] "GET /author/new HTTP/1.1" 200 2442
::1 - - [23/Nov/2012:16:42:50 +0100] "GET /favicon.ico HTTP/1.1" 404 12163
::1 - - [23/Nov/2012:16:43:19 +0100] "POST /author/save HTTP/1.1" 500 11933
::1 - - [23/Nov/2012:16:43:48 +0100] "POST /author/save HTTP/1.1" 500 11941
::1 - - [23/Nov/2012:16:44:09 +0100] "POST /phpmyadmin/tbl_create.php HTTP/1.1" 200 289706
::1 - - [23/Nov/2012:16:45:23 +0100] "POST /phpmyadmin/tbl_create.php HTTP/1.1" 200 2182
::1 - - [23/Nov/2012:16:45:24 +0100] "GET /phpmyadmin/tbl_create.php?db=forum&token=04cd2f77ab50f4850412ef963ffd9aa7 HTTP/1.1" 200 84373
::1 - - [23/Nov/2012:16:45:24 +0100] "GET /phpmyadmin/js/cross_framing_protection.js?ts=1324476472 HTTP/1.1" 304 -
::1 - - [23/Nov/2012:16:45:24 +0100] "GET /phpmyadmin/js/jquery/jquery-1.4.4.js?ts=1324476472 HTTP/1.1" 304 -
::1 - - [23/Nov/2012:16:45:24 +0100] "GET /phpmyadmin/themes/pmahomme/jquery/jquery-ui-1.8.custom.css HTTP/1.1" 304 -
::1 - - [23/Nov/2012:16:45:24 +0100] "GET /phpmyadmin/js/update-location.js?ts=1324476472 HTTP/1.1" 304 -
::1 - - [23/Nov/2012:16:45:24 +0100] "GET /phpmyadmin/js/config.js?ts=1324476472 HTTP/1.1" 304 -
::1 - - [23/Nov/2012:16:45:24 +0100] "GET /phpmyadmin/js/functions.js?ts=1324476472 HTTP/1.1" 304 -
::1 - - [23/Nov/2012:16:45:24 +0100] "GET /phpmyadmin/js/keyhandler.js HTTP/1.1" 304 -
::1 - - [23/Nov/2012:16:45:24 +0100] "GET /phpmyadmin/js/jquery/jquery.qtip-1.0.0.min.js?ts=1324476472 HTTP/1.1" 304 -
::1 - - [23/Nov/2012:16:45:24 +0100] "GET /phpmyadmin/navigation.php?server=1&token=04cd2f77ab50f4850412ef963ffd9aa7&db=forum&table=&lang=nl&collation_connection=utf8_general_ci HTTP/1.1" 200 5588
::1 - - [23/Nov/2012:16:45:24 +0100] "GET /phpmyadmin/js/jquery/jquery-1.4.4.js HTTP/1.1" 304 -
::1 - - [23/Nov/2012:16:45:24 +0100] "GET /phpmyadmin/js/functions.js HTTP/1.1" 304 -
::1 - - [23/Nov/2012:16:45:24 +0100] "GET /phpmyadmin/js/navigation.js HTTP/1.1" 304 -
::1 - - [23/Nov/2012:16:45:24 +0100] "GET /phpmyadmin/phpmyadmin.css.php?server=1&token=04cd2f77ab50f4850412ef963ffd9aa7&js_frame=right&nocache=5329283191 HTTP/1.1" 200 41672
::1 - - [23/Nov/2012:16:45:24 +0100] "GET /phpmyadmin/js/messages.php?lang=nl&db=forum&token=04cd2f77ab50f4850412ef963ffd9aa7 HTTP/1.1" 200 5285
::1 - - [23/Nov/2012:16:45:24 +0100] "GET /phpmyadmin/phpmyadmin.css.php?token=04cd2f77ab50f4850412ef963ffd9aa7&js_frame=left&nocache=5329283191 HTTP/1.1" 200 5861
::1 - - [23/Nov/2012:16:45:25 +0100] "GET /phpmyadmin/themes/pmahomme/img/s_notice.png HTTP/1.1" 304 -
::1 - - [23/Nov/2012:16:45:25 +0100] "GET /phpmyadmin/themes/pmahomme/img/s_db.png HTTP/1.1" 304 -
::1 - - [23/Nov/2012:16:45:25 +0100] "GET /phpmyadmin/themes/pmahomme/img/b_help.png HTTP/1.1" 304 -
::1 - - [23/Nov/2012:16:45:25 +0100] "GET /phpmyadmin/themes/pmahomme/img/item_ltr.png HTTP/1.1" 304 -
::1 - - [23/Nov/2012:16:45:25 +0100] "GET /phpmyadmin/themes/pmahomme/img/input_bg.gif HTTP/1.1" 304 -
::1 - - [23/Nov/2012:16:45:25 +0100] "GET /phpmyadmin/themes/pmahomme/img/s_host.png HTTP/1.1" 304 -
::1 - - [23/Nov/2012:16:45:25 +0100] "GET /phpmyadmin/themes/pmahomme/img/marked_bg.png HTTP/1.1" 304 -
::1 - - [23/Nov/2012:16:45:25 +0100] "GET /phpmyadmin/themes/pmahomme/img/left_nav_bg.png HTTP/1.1" 304 -
::1 - - [23/Nov/2012:16:45:25 +0100] "GET /phpmyadmin/themes/pmahomme/img/b_home.png HTTP/1.1" 304 -
::1 - - [23/Nov/2012:16:45:25 +0100] "GET /phpmyadmin/themes/pmahomme/img/logo_left.png HTTP/1.1" 304 -
::1 - - [23/Nov/2012:16:45:25 +0100] "GET /phpmyadmin/themes/pmahomme/img/s_loggoff.png HTTP/1.1" 304 -
::1 - - [23/Nov/2012:16:45:25 +0100] "GET /phpmyadmin/themes/pmahomme/img/b_selboard.png HTTP/1.1" 304 -
::1 - - [23/Nov/2012:16:45:25 +0100] "GET /phpmyadmin/themes/pmahomme/img/b_docs.png HTTP/1.1" 304 -
::1 - - [23/Nov/2012:16:45:25 +0100] "GET /phpmyadmin/themes/pmahomme/img/b_sqlhelp.png HTTP/1.1" 304 -
::1 - - [23/Nov/2012:16:45:25 +0100] "GET /phpmyadmin/themes/pmahomme/img/b_sbrowse.png HTTP/1.1" 304 -
::1 - - [23/Nov/2012:16:45:25 +0100] "GET /phpmyadmin/themes/pmahomme/img/b_snewtbl.png HTTP/1.1" 304 -
::1 - - [23/Nov/2012:16:45:25 +0100] "GET /phpmyadmin/themes/pmahomme/img/s_reload.png HTTP/1.1" 304 -
::1 - - [23/Nov/2012:16:45:25 +0100] "GET /phpmyadmin/print.css HTTP/1.1" 304 -
::1 - - [23/Nov/2012:16:45:28 +0100] "POST /author/save HTTP/1.1" 200 231
::1 - - [23/Nov/2012:16:45:28 +0100] "POST /author/save HTTP/1.1" 200 231
::1 - - [23/Nov/2012:16:45:56 +0100] "POST /author/save HTTP/1.1" 200 61
::1 - - [23/Nov/2012:16:46:02 +0100] "GET /phpmyadmin/sql.php?db=forum&token=04cd2f77ab50f4850412ef963ffd9aa7&table=authors&pos=0 HTTP/1.1" 200 31421
::1 - - [23/Nov/2012:16:46:11 +0100] "POST /phpmyadmin/tbl_row_action.php HTTP/1.1" 200 7982
::1 - - [23/Nov/2012:16:46:12 +0100] "POST /phpmyadmin/tbl_row_action.php HTTP/1.1" 200 26652
::1 - - [23/Nov/2012:16:46:22 +0100] "GET /author/login HTTP/1.1" 200 18
::1 - - [23/Nov/2012:16:46:22 +0100] "GET /favicon.ico HTTP/1.1" 404 12163
::1 - - [23/Nov/2012:17:16:26 +0100] "GET /post/edit/1 HTTP/1.1" 200 1245
::1 - - [23/Nov/2012:17:16:26 +0100] "GET /src/js/authors.js HTTP/1.1" 304 -
::1 - - [23/Nov/2012:17:16:27 +0100] "GET /favicon.ico HTTP/1.1" 404 12163
::1 - - [23/Nov/2012:17:16:31 +0100] "GET /phpmyadmin/sql.php?db=forum&token=04cd2f77ab50f4850412ef963ffd9aa7&table=posts&pos=0 HTTP/1.1" 200 7716
::1 - - [23/Nov/2012:17:16:31 +0100] "GET /phpmyadmin/sql.php?db=forum&token=04cd2f77ab50f4850412ef963ffd9aa7&table=posts&pos=0 HTTP/1.1" 200 7716
::1 - - [23/Nov/2012:17:16:33 +0100] "POST /phpmyadmin/index.php HTTP/1.1" 302 -
::1 - - [23/Nov/2012:17:16:33 +0100] "GET /phpmyadmin/index.php?db=forum&table=posts&target=sql.php&token=04cd2f77ab50f4850412ef963ffd9aa7 HTTP/1.1" 200 2714
::1 - - [23/Nov/2012:17:16:34 +0100] "GET /phpmyadmin/navigation.php?target=sql.php&token=04cd2f77ab50f4850412ef963ffd9aa7&db=forum&table=posts HTTP/1.1" 200 5604
::1 - - [23/Nov/2012:17:16:34 +0100] "GET /phpmyadmin/sql.php?target=sql.php&token=04cd2f77ab50f4850412ef963ffd9aa7&db=forum&table=posts HTTP/1.1" 200 26739
::1 - - [23/Nov/2012:17:16:38 +0100] "GET /post/edit/2 HTTP/1.1" 200 1245
::1 - - [23/Nov/2012:17:16:40 +0100] "GET /favicon.ico HTTP/1.1" 404 12163
::1 - - [23/Nov/2012:17:18:00 +0100] "GET /post/edit/2 HTTP/1.1" 200 1232
::1 - - [23/Nov/2012:17:18:01 +0100] "GET /src/js/jquery.js HTTP/1.1" 304 -
::1 - - [23/Nov/2012:17:18:01 +0100] "GET /src/js/posts.js HTTP/1.1" 304 -
::1 - - [23/Nov/2012:17:18:01 +0100] "GET /src/js/authors.js HTTP/1.1" 304 -
::1 - - [23/Nov/2012:17:18:01 +0100] "GET /favicon.ico HTTP/1.1" 404 12163
::1 - - [23/Nov/2012:17:18:05 +0100] "POST /post/save HTTP/1.1" 200 179
::1 - - [23/Nov/2012:17:18:25 +0100] "POST /post/save HTTP/1.1" 200 16
::1 - - [23/Nov/2012:17:18:28 +0100] "GET /phpmyadmin/sql.php?db=forum&table=posts&token=04cd2f77ab50f4850412ef963ffd9aa7&pos=0 HTTP/1.1" 200 26731
::1 - - [23/Nov/2012:17:18:32 +0100] "POST /post/save HTTP/1.1" 200 16
::1 - - [23/Nov/2012:17:18:35 +0100] "GET /post/edit/2 HTTP/1.1" 200 1234
::1 - - [23/Nov/2012:17:18:36 +0100] "GET /src/js/authors.js HTTP/1.1" 304 -
::1 - - [23/Nov/2012:17:18:36 +0100] "GET /src/js/jquery.js HTTP/1.1" 304 -
::1 - - [23/Nov/2012:17:18:36 +0100] "GET /src/js/posts.js HTTP/1.1" 304 -
::1 - - [23/Nov/2012:17:18:37 +0100] "GET /favicon.ico HTTP/1.1" 404 12163
::1 - - [23/Nov/2012:17:43:05 +0100] "GET /author/new HTTP/1.1" 200 2442
::1 - - [23/Nov/2012:17:43:06 +0100] "GET /src/js/authors.js HTTP/1.1" 304 -
::1 - - [23/Nov/2012:17:43:07 +0100] "GET /favicon.ico HTTP/1.1" 404 12163
::1 - - [23/Nov/2012:17:43:10 +0100] "GET /author/overview HTTP/1.1" 302 361
::1 - - [23/Nov/2012:17:43:10 +0100] "GET /author/overview/1 HTTP/1.1" 200 737
::1 - - [23/Nov/2012:17:43:12 +0100] "GET /favicon.ico HTTP/1.1" 404 12163
::1 - - [23/Nov/2012:17:43:36 +0100] "GET /author/overview/1 HTTP/1.1" 200 739
::1 - - [23/Nov/2012:17:43:36 +0100] "GET /src/js/jquery.js HTTP/1.1" 304 -
::1 - - [23/Nov/2012:17:43:36 +0100] "GET /src/js/posts.js HTTP/1.1" 304 -
::1 - - [23/Nov/2012:17:43:36 +0100] "GET /src/js/authors.js HTTP/1.1" 304 -
::1 - - [23/Nov/2012:17:43:37 +0100] "GET /favicon.ico HTTP/1.1" 404 12163
::1 - - [23/Nov/2012:17:43:42 +0100] "GET /author/overview/1 HTTP/1.1" 200 737
::1 - - [23/Nov/2012:17:43:42 +0100] "GET /src/js/jquery.js HTTP/1.1" 304 -
::1 - - [23/Nov/2012:17:43:42 +0100] "GET /src/js/posts.js HTTP/1.1" 304 -
::1 - - [23/Nov/2012:17:43:42 +0100] "GET /src/js/authors.js HTTP/1.1" 304 -
::1 - - [23/Nov/2012:17:43:42 +0100] "GET /favicon.ico HTTP/1.1" 404 12163
::1 - - [23/Nov/2012:17:47:06 +0100] "GET /author/1 HTTP/1.1" 200 1420
::1 - - [23/Nov/2012:17:47:07 +0100] "GET /favicon.ico HTTP/1.1" 404 12163
::1 - - [23/Nov/2012:17:47:16 +0100] "GET /phpmyadmin/sql.php?db=forum&token=04cd2f77ab50f4850412ef963ffd9aa7&table=authors&pos=0 HTTP/1.1" 200 7720
::1 - - [23/Nov/2012:17:47:16 +0100] "GET /phpmyadmin/phpmyadmin.css.php?server=1&token=04cd2f77ab50f4850412ef963ffd9aa7&js_frame=right&nocache=3975607599 HTTP/1.1" 200 41672
::1 - - [23/Nov/2012:17:47:17 +0100] "GET /phpmyadmin/sql.php?db=forum&token=04cd2f77ab50f4850412ef963ffd9aa7&table=authors&pos=0 HTTP/1.1" 200 7720
::1 - - [23/Nov/2012:17:47:19 +0100] "POST /phpmyadmin/index.php HTTP/1.1" 302 -
::1 - - [23/Nov/2012:17:47:19 +0100] "GET /phpmyadmin/index.php?db=forum&table=authors&target=sql.php&token=04cd2f77ab50f4850412ef963ffd9aa7 HTTP/1.1" 200 2720
::1 - - [23/Nov/2012:17:47:20 +0100] "GET /phpmyadmin/navigation.php?target=sql.php&token=04cd2f77ab50f4850412ef963ffd9aa7&db=forum&table=authors HTTP/1.1" 200 5606
::1 - - [23/Nov/2012:17:47:20 +0100] "GET /phpmyadmin/sql.php?target=sql.php&token=04cd2f77ab50f4850412ef963ffd9aa7&db=forum&table=authors HTTP/1.1" 200 22637
::1 - - [23/Nov/2012:17:47:21 +0100] "GET /phpmyadmin/js/sql.js?ts=1324476472 HTTP/1.1" 200 15945
::1 - - [23/Nov/2012:17:47:24 +0100] "GET /phpmyadmin/tbl_structure.php?db=forum&table=authors&token=04cd2f77ab50f4850412ef963ffd9aa7 HTTP/1.1" 200 86795
::1 - - [23/Nov/2012:17:47:27 +0100] "GET /phpmyadmin/sql.php?db=forum&table=authors&token=04cd2f77ab50f4850412ef963ffd9aa7&pos=0 HTTP/1.1" 200 22628
::1 - - [23/Nov/2012:17:47:57 +0100] "GET /author/login HTTP/1.1" 200 534
::1 - - [23/Nov/2012:17:47:58 +0100] "GET /favicon.ico HTTP/1.1" 404 12163
::1 - - [23/Nov/2012:17:48:00 +0100] "GET /favicon.ico HTTP/1.1" 404 12163
::1 - - [23/Nov/2012:17:48:07 +0100] "GET /author/edit/1 HTTP/1.1" 200 2585
::1 - - [23/Nov/2012:17:48:09 +0100] "GET /favicon.ico HTTP/1.1" 404 12163
::1 - - [23/Nov/2012:17:49:09 +0100] "GET /author/edit/1 HTTP/1.1" 200 2585
::1 - - [23/Nov/2012:17:49:10 +0100] "GET /src/js/jquery.js HTTP/1.1" 304 -
::1 - - [23/Nov/2012:17:49:10 +0100] "GET /src/js/authors.js HTTP/1.1" 304 -
::1 - - [23/Nov/2012:17:49:10 +0100] "GET /src/js/posts.js HTTP/1.1" 304 -
::1 - - [23/Nov/2012:17:49:11 +0100] "GET /favicon.ico HTTP/1.1" 404 12163
::1 - - [23/Nov/2012:17:49:23 +0100] "POST /post/save HTTP/1.1" 200 16
::1 - - [23/Nov/2012:17:49:26 +0100] "GET /phpmyadmin/sql.php?db=forum&table=authors&token=04cd2f77ab50f4850412ef963ffd9aa7&pos=0 HTTP/1.1" 200 19195
::1 - - [23/Nov/2012:17:49:26 +0100] "GET /phpmyadmin/sql.php?db=forum&table=authors&token=04cd2f77ab50f4850412ef963ffd9aa7&pos=0 HTTP/1.1" 200 22628
::1 - - [23/Nov/2012:17:49:35 +0100] "POST /post/save HTTP/1.1" 200 16
::1 - - [23/Nov/2012:17:50:01 +0100] "GET /author/edit/1 HTTP/1.1" 200 2585
::1 - - [23/Nov/2012:17:50:02 +0100] "GET /src/js/jquery.js HTTP/1.1" 304 -
::1 - - [23/Nov/2012:17:50:02 +0100] "GET /src/js/posts.js HTTP/1.1" 304 -
::1 - - [23/Nov/2012:17:50:02 +0100] "GET /src/js/authors.js HTTP/1.1" 304 -
::1 - - [23/Nov/2012:17:50:03 +0100] "GET /favicon.ico HTTP/1.1" 404 12163
::1 - - [23/Nov/2012:17:50:08 +0100] "POST /post/save HTTP/1.1" 200 16
::1 - - [23/Nov/2012:17:50:23 +0100] "GET /author/edit/1 HTTP/1.1" 200 2585
::1 - - [23/Nov/2012:17:50:24 +0100] "GET /src/js/jquery.js HTTP/1.1" 304 -
::1 - - [23/Nov/2012:17:50:24 +0100] "GET /src/js/posts.js HTTP/1.1" 304 -
::1 - - [23/Nov/2012:17:50:24 +0100] "GET /src/js/authors.js HTTP/1.1" 304 -
::1 - - [23/Nov/2012:17:50:25 +0100] "GET /favicon.ico HTTP/1.1" 404 12163
::1 - - [23/Nov/2012:17:51:00 +0100] "GET /author/edit/1 HTTP/1.1" 200 2599
::1 - - [23/Nov/2012:17:51:01 +0100] "GET /src/js/jquery.js HTTP/1.1" 304 -
::1 - - [23/Nov/2012:17:51:01 +0100] "GET /src/js/posts.js HTTP/1.1" 304 -
::1 - - [23/Nov/2012:17:51:01 +0100] "GET /src/js/authors.js HTTP/1.1" 304 -
::1 - - [23/Nov/2012:17:51:01 +0100] "GET /favicon.ico HTTP/1.1" 404 12163
::1 - - [23/Nov/2012:17:51:11 +0100] "POST /author/save HTTP/1.1" 500 11828
::1 - - [23/Nov/2012:17:51:13 +0100] "POST /author/save HTTP/1.1" 500 11828
::1 - - [23/Nov/2012:17:52:52 +0100] "POST /author/save HTTP/1.1" 200 183
::1 - - [23/Nov/2012:17:53:03 +0100] "POST /author/save HTTP/1.1" 200 15
::1 - - [23/Nov/2012:17:53:08 +0100] "GET /phpmyadmin/sql.php?db=forum&table=authors&token=04cd2f77ab50f4850412ef963ffd9aa7&pos=0 HTTP/1.1" 200 19195
::1 - - [23/Nov/2012:17:53:08 +0100] "GET /phpmyadmin/sql.php?db=forum&table=authors&token=04cd2f77ab50f4850412ef963ffd9aa7&pos=0 HTTP/1.1" 200 22628
::1 - - [23/Nov/2012:17:53:56 +0100] "POST /author/save HTTP/1.1" 200 15
::1 - - [23/Nov/2012:17:53:59 +0100] "GET /author/edit/1 HTTP/1.1" 200 2599
::1 - - [23/Nov/2012:17:54:00 +0100] "GET /src/js/posts.js HTTP/1.1" 304 -
::1 - - [23/Nov/2012:17:54:00 +0100] "GET /src/js/jquery.js HTTP/1.1" 304 -
::1 - - [23/Nov/2012:17:54:00 +0100] "GET /src/js/authors.js HTTP/1.1" 200 1091
::1 - - [23/Nov/2012:17:54:01 +0100] "GET /favicon.ico HTTP/1.1" 404 12163
::1 - - [23/Nov/2012:17:54:07 +0100] "POST /author/save HTTP/1.1" 200 15
::1 - - [23/Nov/2012:17:54:10 +0100] "GET /phpmyadmin/sql.php?db=forum&table=authors&token=04cd2f77ab50f4850412ef963ffd9aa7&pos=0 HTTP/1.1" 200 22636
::1 - - [23/Nov/2012:17:54:15 +0100] "GET /phpmyadmin/tbl_structure.php?db=forum&table=authors&token=04cd2f77ab50f4850412ef963ffd9aa7 HTTP/1.1" 200 86795
::1 - - [23/Nov/2012:17:54:17 +0100] "GET /phpmyadmin/sql.php?db=forum&table=authors&token=04cd2f77ab50f4850412ef963ffd9aa7&pos=0 HTTP/1.1" 200 22636
::1 - - [23/Nov/2012:17:54:20 +0100] "GET /phpmyadmin/tbl_structure.php?db=forum&table=authors&token=04cd2f77ab50f4850412ef963ffd9aa7 HTTP/1.1" 200 86795
::1 - - [23/Nov/2012:17:54:22 +0100] "GET /phpmyadmin/tbl_alter.php?db=forum&table=authors&token=04cd2f77ab50f4850412ef963ffd9aa7&goto=tbl_structure.php&back=tbl_structure.php&field=telephone HTTP/1.1" 200 36019
::1 - - [23/Nov/2012:17:54:25 +0100] "POST /phpmyadmin/tbl_alter.php HTTP/1.1" 200 88559
::1 - - [23/Nov/2012:17:54:27 +0100] "GET /author/edit/1 HTTP/1.1" 200 2607
::1 - - [23/Nov/2012:17:54:28 +0100] "GET /src/js/jquery.js HTTP/1.1" 304 -
::1 - - [23/Nov/2012:17:54:28 +0100] "GET /src/js/authors.js HTTP/1.1" 304 -
::1 - - [23/Nov/2012:17:54:28 +0100] "GET /src/js/posts.js HTTP/1.1" 304 -
::1 - - [23/Nov/2012:17:54:29 +0100] "GET /favicon.ico HTTP/1.1" 404 12163
::1 - - [23/Nov/2012:17:54:35 +0100] "POST /author/save HTTP/1.1" 200 15
::1 - - [23/Nov/2012:17:54:39 +0100] "GET /phpmyadmin/sql.php?db=forum&table=authors&token=04cd2f77ab50f4850412ef963ffd9aa7&pos=0 HTTP/1.1" 200 22617
::1 - - [23/Nov/2012:17:55:57 +0100] "GET /author/edit/1 HTTP/1.1" 200 2418
::1 - - [23/Nov/2012:17:55:58 +0100] "GET /src/js/authors.js HTTP/1.1" 304 -
::1 - - [23/Nov/2012:17:55:58 +0100] "GET /src/js/posts.js HTTP/1.1" 304 -
::1 - - [23/Nov/2012:17:55:58 +0100] "GET /src/js/jquery.js HTTP/1.1" 304 -
::1 - - [23/Nov/2012:17:55:59 +0100] "GET /favicon.ico HTTP/1.1" 404 12163
::1 - - [23/Nov/2012:17:56:03 +0100] "POST /author/save HTTP/1.1" 200 26
::1 - - [23/Nov/2012:17:58:31 +0100] "GET /author/edit/1 HTTP/1.1" 200 177
::1 - - [23/Nov/2012:17:58:32 +0100] "GET /favicon.ico HTTP/1.1" 404 12163
::1 - - [23/Nov/2012:18:00:15 +0100] "GET /author/edit/1 HTTP/1.1" 200 177
::1 - - [23/Nov/2012:18:00:16 +0100] "GET /favicon.ico HTTP/1.1" 404 12163
::1 - - [23/Nov/2012:18:00:30 +0100] "GET /author/edit/1 HTTP/1.1" 200 2608
::1 - - [23/Nov/2012:18:00:31 +0100] "GET /src/js/posts.js HTTP/1.1" 304 -
::1 - - [23/Nov/2012:18:00:31 +0100] "GET /src/js/jquery.js HTTP/1.1" 304 -
::1 - - [23/Nov/2012:18:00:31 +0100] "GET /src/js/authors.js HTTP/1.1" 304 -
::1 - - [23/Nov/2012:18:00:32 +0100] "GET /favicon.ico HTTP/1.1" 404 12163
::1 - - [23/Nov/2012:18:01:02 +0100] "GET /author/edit/1 HTTP/1.1" 200 2286
::1 - - [23/Nov/2012:18:01:03 +0100] "GET /src/js/jquery.js HTTP/1.1" 304 -
::1 - - [23/Nov/2012:18:01:03 +0100] "GET /src/js/posts.js HTTP/1.1" 304 -
::1 - - [23/Nov/2012:18:01:03 +0100] "GET /src/js/authors.js HTTP/1.1" 304 -
::1 - - [23/Nov/2012:18:01:03 +0100] "GET /favicon.ico HTTP/1.1" 404 12163
::1 - - [23/Nov/2012:18:03:53 +0100] "GET /author/edit/1 HTTP/1.1" 200 2286
::1 - - [23/Nov/2012:18:03:54 +0100] "GET /src/js/authors.js HTTP/1.1" 200 1157
::1 - - [23/Nov/2012:18:03:55 +0100] "GET /favicon.ico HTTP/1.1" 404 12163
::1 - - [23/Nov/2012:18:04:02 +0100] "GET /author/edit/1 HTTP/1.1" 200 2286
::1 - - [23/Nov/2012:18:04:02 +0100] "GET /src/js/jquery.js HTTP/1.1" 304 -
::1 - - [23/Nov/2012:18:04:02 +0100] "GET /src/js/posts.js HTTP/1.1" 304 -
::1 - - [23/Nov/2012:18:04:02 +0100] "GET /src/js/authors.js HTTP/1.1" 200 1157
::1 - - [23/Nov/2012:18:04:03 +0100] "GET /favicon.ico HTTP/1.1" 404 12163
::1 - - [23/Nov/2012:18:04:11 +0100] "POST /author/save/false HTTP/1.1" 200 15
::1 - - [23/Nov/2012:18:04:15 +0100] "GET /phpmyadmin/sql.php?db=forum&table=authors&token=04cd2f77ab50f4850412ef963ffd9aa7&pos=0 HTTP/1.1" 200 22617
::1 - - [23/Nov/2012:18:04:20 +0100] "POST /author/save/false HTTP/1.1" 200 15
::1 - - [23/Nov/2012:18:04:23 +0100] "GET /phpmyadmin/sql.php?db=forum&table=authors&token=04cd2f77ab50f4850412ef963ffd9aa7&pos=0 HTTP/1.1" 200 22618
::1 - - [23/Nov/2012:18:04:33 +0100] "GET /author/overview HTTP/1.1" 302 361
::1 - - [23/Nov/2012:18:04:33 +0100] "GET /author/overview/1 HTTP/1.1" 200 738
::1 - - [23/Nov/2012:18:04:34 +0100] "GET /src/js/authors.js HTTP/1.1" 304 -
::1 - - [23/Nov/2012:18:04:34 +0100] "GET /favicon.ico HTTP/1.1" 404 12163
::1 - - [23/Nov/2012:18:04:36 +0100] "GET /post/overview/1 HTTP/1.1" 200 823
::1 - - [23/Nov/2012:18:04:38 +0100] "GET /favicon.ico HTTP/1.1" 404 12163
::1 - - [23/Nov/2012:18:04:39 +0100] "GET /post/new HTTP/1.1" 200 1212
::1 - - [23/Nov/2012:18:04:39 +0100] "GET /src/js/authors.js HTTP/1.1" 304 -
::1 - - [23/Nov/2012:18:04:40 +0100] "GET /favicon.ico HTTP/1.1" 404 12163
::1 - - [23/Nov/2012:19:11:36 +0100] "GET /author/overview HTTP/1.1" 302 361
::1 - - [23/Nov/2012:19:11:37 +0100] "GET /author/overview/1 HTTP/1.1" 200 738
::1 - - [23/Nov/2012:19:11:38 +0100] "GET /src/js/authors.js HTTP/1.1" 304 -
::1 - - [23/Nov/2012:19:11:39 +0100] "GET /favicon.ico HTTP/1.1" 404 12163
::1 - - [23/Nov/2012:19:13:52 +0100] "GET /author/new HTTP/1.1" 200 2442
::1 - - [23/Nov/2012:19:13:54 +0100] "GET /favicon.ico HTTP/1.1" 404 12163
::1 - - [23/Nov/2012:19:14:46 +0100] "POST /author/save HTTP/1.1" 405 12183
::1 - - [23/Nov/2012:19:15:39 +0100] "POST /author/save HTTP/1.1" 405 12183
::1 - - [23/Nov/2012:19:15:46 +0100] "GET /favicon.ico HTTP/1.1" 404 12163
::1 - - [23/Nov/2012:19:15:47 +0100] "GET /author/new HTTP/1.1" 200 2442
::1 - - [23/Nov/2012:19:15:48 +0100] "GET /favicon.ico HTTP/1.1" 404 12163
::1 - - [23/Nov/2012:19:15:54 +0100] "GET /author/new HTTP/1.1" 200 2442
::1 - - [23/Nov/2012:19:15:55 +0100] "GET /src/js/jquery.js HTTP/1.1" 304 -
::1 - - [23/Nov/2012:19:15:55 +0100] "GET /src/js/posts.js HTTP/1.1" 304 -
::1 - - [23/Nov/2012:19:15:55 +0100] "GET /src/js/authors.js HTTP/1.1" 200 1193
::1 - - [23/Nov/2012:19:15:56 +0100] "GET /favicon.ico HTTP/1.1" 404 12163
::1 - - [23/Nov/2012:19:16:29 +0100] "POST /author/save/true HTTP/1.1" 200 61
::1 - - [23/Nov/2012:19:16:36 +0100] "GET /phpmyadmin/sql.php?db=forum&token=04cd2f77ab50f4850412ef963ffd9aa7&table=authors&pos=0 HTTP/1.1" 200 7720
::1 - - [23/Nov/2012:19:16:37 +0100] "GET /phpmyadmin/sql.php?db=forum&token=04cd2f77ab50f4850412ef963ffd9aa7&table=authors&pos=0 HTTP/1.1" 200 7720
::1 - - [23/Nov/2012:19:16:38 +0100] "POST /phpmyadmin/index.php HTTP/1.1" 302 -
::1 - - [23/Nov/2012:19:16:38 +0100] "GET /phpmyadmin/index.php?db=forum&table=authors&target=sql.php&token=04cd2f77ab50f4850412ef963ffd9aa7 HTTP/1.1" 200 2720
::1 - - [23/Nov/2012:19:16:39 +0100] "GET /phpmyadmin/sql.php?target=sql.php&token=04cd2f77ab50f4850412ef963ffd9aa7&db=forum&table=authors HTTP/1.1" 200 28600
::1 - - [23/Nov/2012:19:16:39 +0100] "GET /phpmyadmin/navigation.php?target=sql.php&token=04cd2f77ab50f4850412ef963ffd9aa7&db=forum&table=authors HTTP/1.1" 200 5606
::1 - - [23/Nov/2012:21:33:43 +0100] "GET /post/new HTTP/1.1" 200 1212
::1 - - [23/Nov/2012:21:33:46 +0100] "GET /src/js/authors.js HTTP/1.1" 200 1544
::1 - - [23/Nov/2012:21:33:47 +0100] "GET /favicon.ico HTTP/1.1" 404 4416
::1 - - [23/Nov/2012:21:33:57 +0100] "GET /phpmyadmin/sql.php?db=forum&token=04cd2f77ab50f4850412ef963ffd9aa7&table=posts&pos=0 HTTP/1.1" 200 7716
::1 - - [23/Nov/2012:21:33:58 +0100] "GET /phpmyadmin/phpmyadmin.css.php?server=1&token=04cd2f77ab50f4850412ef963ffd9aa7&js_frame=right&nocache=3975607599 HTTP/1.1" 200 41672
::1 - - [23/Nov/2012:21:33:58 +0100] "GET /phpmyadmin/js/messages.php?lang=nl&db=forum&token=04cd2f77ab50f4850412ef963ffd9aa7 HTTP/1.1" 200 5285
::1 - - [23/Nov/2012:21:33:59 +0100] "GET /phpmyadmin/sql.php?db=forum&token=04cd2f77ab50f4850412ef963ffd9aa7&table=posts&pos=0 HTTP/1.1" 200 7716
::1 - - [23/Nov/2012:21:34:01 +0100] "POST /phpmyadmin/index.php HTTP/1.1" 302 -
::1 - - [23/Nov/2012:21:34:01 +0100] "GET /phpmyadmin/index.php?db=forum&table=posts&target=sql.php&token=04cd2f77ab50f4850412ef963ffd9aa7 HTTP/1.1" 200 2714
::1 - - [23/Nov/2012:21:34:02 +0100] "GET /phpmyadmin/sql.php?target=sql.php&token=04cd2f77ab50f4850412ef963ffd9aa7&db=forum&table=posts HTTP/1.1" 200 26741
::1 - - [23/Nov/2012:21:34:02 +0100] "GET /phpmyadmin/navigation.php?target=sql.php&token=04cd2f77ab50f4850412ef963ffd9aa7&db=forum&table=posts HTTP/1.1" 200 5604
::1 - - [23/Nov/2012:21:34:02 +0100] "GET /phpmyadmin/phpmyadmin.css.php?server=1&token=04cd2f77ab50f4850412ef963ffd9aa7&js_frame=right&nocache=5329283191 HTTP/1.1" 200 41672
::1 - - [23/Nov/2012:21:34:02 +0100] "GET /phpmyadmin/phpmyadmin.css.php?token=04cd2f77ab50f4850412ef963ffd9aa7&js_frame=left&nocache=5329283191 HTTP/1.1" 200 5861
::1 - - [23/Nov/2012:21:34:04 +0100] "GET /phpmyadmin/sql.php?db=forum&token=04cd2f77ab50f4850412ef963ffd9aa7&table=posts&pos=0 HTTP/1.1" 200 26732
::1 - - [23/Nov/2012:21:34:26 +0100] "POST /post/save HTTP/1.1" 200 14
::1 - - [23/Nov/2012:21:34:29 +0100] "GET /post/overview/1 HTTP/1.1" 200 910
::1 - - [23/Nov/2012:21:34:31 +0100] "GET /favicon.ico HTTP/1.1" 404 4416
::1 - - [23/Nov/2012:21:34:32 +0100] "GET /post/5 HTTP/1.1" 200 571
::1 - - [23/Nov/2012:21:34:34 +0100] "GET /favicon.ico HTTP/1.1" 404 4416
::1 - - [23/Nov/2012:21:34:38 +0100] "GET /favicon.ico HTTP/1.1" 404 4416
::1 - - [23/Nov/2012:21:35:25 +0100] "GET /post/overview/1 HTTP/1.1" 200 910
::1 - - [23/Nov/2012:21:35:26 +0100] "GET /src/js/jquery.js HTTP/1.1" 304 -
::1 - - [23/Nov/2012:21:35:26 +0100] "GET /src/js/authors.js HTTP/1.1" 304 -
::1 - - [23/Nov/2012:21:35:26 +0100] "GET /src/js/posts.js HTTP/1.1" 200 678
::1 - - [23/Nov/2012:21:35:26 +0100] "GET /favicon.ico HTTP/1.1" 404 4416
::1 - - [23/Nov/2012:21:35:27 +0100] "GET /post/5 HTTP/1.1" 200 607
::1 - - [23/Nov/2012:21:35:29 +0100] "GET /favicon.ico HTTP/1.1" 404 4416
::1 - - [23/Nov/2012:21:35:34 +0100] "GET /post/5 HTTP/1.1" 200 613
::1 - - [23/Nov/2012:21:35:34 +0100] "GET /src/js/jquery.js HTTP/1.1" 304 -
::1 - - [23/Nov/2012:21:35:34 +0100] "GET /src/js/posts.js HTTP/1.1" 304 -
::1 - - [23/Nov/2012:21:35:34 +0100] "GET /src/js/authors.js HTTP/1.1" 304 -
::1 - - [23/Nov/2012:21:35:35 +0100] "GET /favicon.ico HTTP/1.1" 404 4416
::1 - - [23/Nov/2012:21:35:37 +0100] "GET /post/edit/5 HTTP/1.1" 200 1263
::1 - - [23/Nov/2012:21:35:38 +0100] "GET /favicon.ico HTTP/1.1" 404 4416
::1 - - [23/Nov/2012:21:35:42 +0100] "POST /post/save HTTP/1.1" 200 16
::1 - - [23/Nov/2012:21:35:44 +0100] "GET /author/overview HTTP/1.1" 302 361
::1 - - [23/Nov/2012:21:35:44 +0100] "GET /author/overview/1 HTTP/1.1" 200 800
::1 - - [23/Nov/2012:21:35:46 +0100] "GET /favicon.ico HTTP/1.1" 404 4416
::1 - - [23/Nov/2012:21:35:46 +0100] "GET /post/overview/1 HTTP/1.1" 200 910
::1 - - [23/Nov/2012:21:35:46 +0100] "GET /favicon.ico HTTP/1.1" 404 4416
::1 - - [23/Nov/2012:21:35:47 +0100] "GET /post/5 HTTP/1.1" 200 613
::1 - - [23/Nov/2012:21:35:49 +0100] "GET /favicon.ico HTTP/1.1" 404 4416
::1 - - [23/Nov/2012:21:35:56 +0100] "GET /post/overview/1 HTTP/1.1" 200 910
::1 - - [23/Nov/2012:21:35:58 +0100] "GET /favicon.ico HTTP/1.1" 404 4416
::1 - - [23/Nov/2012:21:35:59 +0100] "GET /phpmyadmin/sql.php?db=forum&table=posts&token=04cd2f77ab50f4850412ef963ffd9aa7&pos=0 HTTP/1.1" 200 19320
::1 - - [23/Nov/2012:21:35:59 +0100] "GET /phpmyadmin/sql.php?db=forum&table=posts&token=04cd2f77ab50f4850412ef963ffd9aa7&pos=0 HTTP/1.1" 200 29239
::1 - - [23/Nov/2012:21:38:56 +0100] "GET /post/5 HTTP/1.1" 200 613
::1 - - [23/Nov/2012:21:38:58 +0100] "GET /favicon.ico HTTP/1.1" 404 4416
::1 - - [23/Nov/2012:21:39:00 +0100] "GET /post/edit/5 HTTP/1.1" 200 1263
::1 - - [23/Nov/2012:21:39:02 +0100] "GET /favicon.ico HTTP/1.1" 404 4416
::1 - - [23/Nov/2012:21:39:26 +0100] "POST /post/save HTTP/1.1" 200 16
::1 - - [23/Nov/2012:21:39:36 +0100] "GET /phpmyadmin/sql.php?db=forum&table=posts&token=04cd2f77ab50f4850412ef963ffd9aa7&pos=0 HTTP/1.1" 200 29239
::1 - - [23/Nov/2012:21:40:36 +0100] "POST /post/save HTTP/1.1" 200 16
::1 - - [23/Nov/2012:21:40:39 +0100] "GET /phpmyadmin/sql.php?db=forum&table=posts&token=04cd2f77ab50f4850412ef963ffd9aa7&pos=0 HTTP/1.1" 200 29240
::1 - - [23/Nov/2012:21:40:43 +0100] "POST /post/save HTTP/1.1" 200 16
::1 - - [23/Nov/2012:21:40:50 +0100] "GET /phpmyadmin/sql.php?db=forum&table=posts&token=04cd2f77ab50f4850412ef963ffd9aa7&pos=0 HTTP/1.1" 200 29239
::1 - - [23/Nov/2012:21:40:53 +0100] "POST /post/save HTTP/1.1" 200 16
::1 - - [23/Nov/2012:21:40:57 +0100] "GET /phpmyadmin/sql.php?db=forum&table=posts&token=04cd2f77ab50f4850412ef963ffd9aa7&pos=0 HTTP/1.1" 200 29241
::1 - - [23/Nov/2012:21:41:03 +0100] "POST /post/save HTTP/1.1" 200 16
::1 - - [23/Nov/2012:21:41:06 +0100] "GET /author/overview HTTP/1.1" 302 361
::1 - - [23/Nov/2012:21:41:06 +0100] "GET /author/overview/1 HTTP/1.1" 200 800
::1 - - [23/Nov/2012:21:41:07 +0100] "GET /src/js/authors.js HTTP/1.1" 304 -
::1 - - [23/Nov/2012:21:41:07 +0100] "GET /src/js/posts.js HTTP/1.1" 304 -
::1 - - [23/Nov/2012:21:41:08 +0100] "GET /favicon.ico HTTP/1.1" 404 4416
::1 - - [23/Nov/2012:21:41:10 +0100] "GET /author/1 HTTP/1.1" 200 1479
::1 - - [23/Nov/2012:21:41:11 +0100] "GET /favicon.ico HTTP/1.1" 404 4416
::1 - - [23/Nov/2012:21:41:13 +0100] "GET /author/edit/ HTTP/1.1" 404 4416
::1 - - [23/Nov/2012:21:41:14 +0100] "GET /favicon.ico HTTP/1.1" 404 4416
::1 - - [23/Nov/2012:21:41:18 +0100] "GET /favicon.ico HTTP/1.1" 404 4416
::1 - - [23/Nov/2012:21:42:23 +0100] "GET /author/1 HTTP/1.1" 200 1584
::1 - - [23/Nov/2012:21:42:24 +0100] "GET /src/js/authors.js HTTP/1.1" 304 -
::1 - - [23/Nov/2012:21:42:24 +0100] "GET /src/js/jquery.js HTTP/1.1" 304 -
::1 - - [23/Nov/2012:21:42:24 +0100] "GET /src/js/posts.js HTTP/1.1" 304 -
::1 - - [23/Nov/2012:21:42:25 +0100] "GET /favicon.ico HTTP/1.1" 404 4416
::1 - - [23/Nov/2012:21:42:35 +0100] "GET /author/edit/1 HTTP/1.1" 200 2287
::1 - - [23/Nov/2012:21:42:37 +0100] "GET /favicon.ico HTTP/1.1" 404 4416
::1 - - [23/Nov/2012:21:42:41 +0100] "POST /author/save/false HTTP/1.1" 200 15
::1 - - [23/Nov/2012:21:42:44 +0100] "GET /author/edit/1 HTTP/1.1" 200 2288
::1 - - [23/Nov/2012:21:42:46 +0100] "GET /favicon.ico HTTP/1.1" 404 4416
::1 - - [23/Nov/2012:21:42:48 +0100] "GET /author/new HTTP/1.1" 200 2442
::1 - - [23/Nov/2012:21:42:48 +0100] "GET /favicon.ico HTTP/1.1" 404 4416
::1 - - [23/Nov/2012:21:42:50 +0100] "GET /author/login HTTP/1.1" 200 583
::1 - - [23/Nov/2012:21:42:52 +0100] "GET /favicon.ico HTTP/1.1" 404 4416
::1 - - [23/Nov/2012:21:45:14 +0100] "GET /author/login HTTP/1.1" 200 583
::1 - - [23/Nov/2012:21:45:14 +0100] "GET /src/js/jquery.js HTTP/1.1" 304 -
::1 - - [23/Nov/2012:21:45:14 +0100] "GET /src/js/posts.js HTTP/1.1" 304 -
::1 - - [23/Nov/2012:21:45:14 +0100] "GET /src/js/authors.js HTTP/1.1" 304 -
::1 - - [23/Nov/2012:21:45:14 +0100] "GET /favicon.ico HTTP/1.1" 404 4416
::1 - - [23/Nov/2012:21:45:15 +0100] "GET /author/login HTTP/1.1" 200 583
::1 - - [23/Nov/2012:21:45:16 +0100] "GET /favicon.ico HTTP/1.1" 404 4416
::1 - - [23/Nov/2012:21:45:26 +0100] "GET /author/login HTTP/1.1" 200 583
::1 - - [23/Nov/2012:21:45:26 +0100] "GET /src/js/jquery.js HTTP/1.1" 304 -
::1 - - [23/Nov/2012:21:45:26 +0100] "GET /src/js/posts.js HTTP/1.1" 304 -
::1 - - [23/Nov/2012:21:45:26 +0100] "GET /src/js/authors.js HTTP/1.1" 304 -
::1 - - [23/Nov/2012:21:45:27 +0100] "GET /favicon.ico HTTP/1.1" 404 4416
::1 - - [23/Nov/2012:21:45:38 +0100] "GET /author/login HTTP/1.1" 200 26
::1 - - [23/Nov/2012:21:45:38 +0100] "GET /favicon.ico HTTP/1.1" 404 4416
::1 - - [23/Nov/2012:21:45:43 +0100] "GET /author/login HTTP/1.1" 200 26
::1 - - [23/Nov/2012:21:45:45 +0100] "GET /favicon.ico HTTP/1.1" 404 4416
