[Fri Nov 23 15:05:25 2012] [notice] Apache/2.2.21 (Win32) PHP/5.3.9 configured -- resuming normal operations
[Fri Nov 23 15:05:25 2012] [notice] Server built: Sep 10 2011 11:34:11
[Fri Nov 23 15:05:25 2012] [notice] Parent: Created child process 9784
[Fri Nov 23 15:05:25 2012] [notice] Child 9784: Child process is running
[Fri Nov 23 15:05:25 2012] [notice] Child 9784: Acquired the start mutex.
[Fri Nov 23 15:05:25 2012] [notice] Child 9784: Starting 64 worker threads.
[Fri Nov 23 15:05:25 2012] [notice] Child 9784: Starting thread to listen on port 8080.
[Fri Nov 23 15:05:25 2012] [notice] Child 9784: Starting thread to listen on port 8080.
[Fri Nov 23 15:05:47 2012] [error] [client ::1] PHP Notice:  Undefined index: tile in C:\\Users\\Thomas\\Documents\\GitHub\\StarApple_Php_opdracht\\root\\src\\myClasses\\post.php on line 26, referer: http://localhost:8080/web/post/new
[Fri Nov 23 15:12:11 2012] [error] [client ::1] PHP Notice:  Undefined variable: conn in C:\\Users\\Thomas\\Documents\\GitHub\\StarApple_Php_opdracht\\root\\src\\myClasses\\post.php on line 46, referer: http://localhost:8080/web/post/new
[Fri Nov 23 15:12:11 2012] [error] [client ::1] PHP Fatal error:  Call to a member function executeQuery() on a non-object in C:\\Users\\Thomas\\Documents\\GitHub\\StarApple_Php_opdracht\\root\\src\\myClasses\\post.php on line 46, referer: http://localhost:8080/web/post/new
[Fri Nov 23 15:12:29 2012] [error] [client ::1] PHP Notice:  Undefined variable: app in C:\\Users\\Thomas\\Documents\\GitHub\\StarApple_Php_opdracht\\root\\src\\myClasses\\post.php on line 46, referer: http://localhost:8080/web/post/new
[Fri Nov 23 15:12:29 2012] [error] [client ::1] PHP Fatal error:  Call to a member function executeQuery() on a non-object in C:\\Users\\Thomas\\Documents\\GitHub\\StarApple_Php_opdracht\\root\\src\\myClasses\\post.php on line 46, referer: http://localhost:8080/web/post/new
[Fri Nov 23 15:14:08 2012] [error] [client ::1] PHP Fatal error:  Unsupported operand types in C:\\Users\\Thomas\\Documents\\GitHub\\StarApple_Php_opdracht\\root\\src\\myClasses\\post.php on line 47, referer: http://localhost:8080/web/post/new
[Fri Nov 23 15:14:32 2012] [error] [client ::1] PHP Fatal error:  Unsupported operand types in C:\\Users\\Thomas\\Documents\\GitHub\\StarApple_Php_opdracht\\root\\src\\myClasses\\post.php on line 49, referer: http://localhost:8080/web/post/new
[Fri Nov 23 15:17:30 2012] [error] [client ::1] PHP Parse error:  syntax error, unexpected '[' in C:\\Users\\Thomas\\Documents\\GitHub\\StarApple_Php_opdracht\\root\\src\\myClasses\\post.php on line 48, referer: http://localhost:8080/web/post/new
[Fri Nov 23 15:17:41 2012] [error] [client ::1] PHP Parse error:  syntax error, unexpected '[' in C:\\Users\\Thomas\\Documents\\GitHub\\StarApple_Php_opdracht\\root\\src\\myClasses\\post.php on line 48, referer: http://localhost:8080/web/post/new
[Fri Nov 23 15:26:27 2012] [error] [client ::1] PHP Catchable fatal error:  Argument 1 passed to Symfony\\Component\\Form\\FormRenderer::searchAndRenderBlock() must be an instance of Symfony\\Component\\Form\\FormView, null given, called in C:\\Users\\Thomas\\Documents\\GitHub\\StarApple_Php_opdracht\\root\\vendor\\twig\\twig\\lib\\Twig\\Environment.php(327) : eval()'d code on line 36 and defined in C:\\Users\\Thomas\\Documents\\GitHub\\StarApple_Php_opdracht\\root\\vendor\\symfony\\form\\Symfony\\Component\\Form\\FormRenderer.php on line 131, referer: http://localhost:8080/post/overview/1
[Fri Nov 23 15:52:54 2012] [error] [client ::1] PHP Warning:  Missing argument 1 for myClasses\\Author::__construct(), called in C:\\Users\\Thomas\\Documents\\GitHub\\StarApple_Php_opdracht\\root\\src\\myClasses\\MyServiceProvider.php on line 14 and defined in C:\\Users\\Thomas\\Documents\\GitHub\\StarApple_Php_opdracht\\root\\src\\myClasses\\author.php on line 9
[Fri Nov 23 15:52:54 2012] [error] [client ::1] PHP Notice:  Undefined variable: app in C:\\Users\\Thomas\\Documents\\GitHub\\StarApple_Php_opdracht\\root\\src\\myClasses\\author.php on line 10
[Fri Nov 23 15:52:54 2012] [error] [client ::1] PHP Fatal error:  Call to a member function createBuilder() on a non-object in C:\\Users\\Thomas\\Documents\\GitHub\\StarApple_Php_opdracht\\root\\src\\myClasses\\author.php on line 14
[Fri Nov 23 16:38:33 2012] [error] [client ::1] PHP Parse error:  syntax error, unexpected '{' in C:\\Users\\Thomas\\Documents\\GitHub\\StarApple_Php_opdracht\\root\\src\\myClasses\\author.php on line 35, referer: http://localhost:8080/author/new
[Fri Nov 23 16:39:09 2012] [error] [client ::1] PHP Notice:  Undefined variable: insert in C:\\Users\\Thomas\\Documents\\GitHub\\StarApple_Php_opdracht\\root\\src\\myClasses\\author.php on line 33, referer: http://localhost:8080/author/new
[Fri Nov 23 16:39:09 2012] [error] [client ::1] PHP Notice:  Undefined variable: insert2 in C:\\Users\\Thomas\\Documents\\GitHub\\StarApple_Php_opdracht\\root\\src\\myClasses\\author.php on line 34, referer: http://localhost:8080/author/new
[Fri Nov 23 16:39:09 2012] [error] [client ::1] PHP Notice:  Undefined variable: update in C:\\Users\\Thomas\\Documents\\GitHub\\StarApple_Php_opdracht\\root\\src\\myClasses\\author.php on line 36, referer: http://localhost:8080/author/new
[Fri Nov 23 16:40:00 2012] [error] [client ::1] PHP Notice:  Undefined variable: update in C:\\Users\\Thomas\\Documents\\GitHub\\StarApple_Php_opdracht\\root\\src\\myClasses\\author.php on line 39, referer: http://localhost:8080/author/new
[Fri Nov 23 16:40:05 2012] [error] [client ::1] PHP Notice:  Undefined variable: update in C:\\Users\\Thomas\\Documents\\GitHub\\StarApple_Php_opdracht\\root\\src\\myClasses\\author.php on line 39, referer: http://localhost:8080/author/new
[Fri Nov 23 16:41:25 2012] [error] [client ::1] PHP Notice:  Undefined variable: update in C:\\Users\\Thomas\\Documents\\GitHub\\StarApple_Php_opdracht\\root\\src\\myClasses\\author.php on line 40, referer: http://localhost:8080/author/new
[Fri Nov 23 16:42:20 2012] [error] [client ::1] PHP Parse error:  syntax error, unexpected T_VARIABLE, expecting T_FUNCTION in C:\\Users\\Thomas\\Documents\\GitHub\\StarApple_Php_opdracht\\root\\src\\myClasses\\author.php on line 44, referer: http://localhost:8080/author/new
[Fri Nov 23 16:43:20 2012] [error] [client ::1] PHP Notice:  Undefined variable: update in C:\\Users\\Thomas\\Documents\\GitHub\\StarApple_Php_opdracht\\root\\src\\myClasses\\author.php on line 39, referer: http://localhost:8080/author/new
[Fri Nov 23 16:43:48 2012] [error] [client ::1] PHP Notice:  Undefined variable: update in C:\\Users\\Thomas\\Documents\\GitHub\\StarApple_Php_opdracht\\root\\src\\myClasses\\author.php on line 39, referer: http://localhost:8080/author/new
[Fri Nov 23 16:45:28 2012] [error] [client ::1] PHP Notice:  Undefined variable: update in C:\\Users\\Thomas\\Documents\\GitHub\\StarApple_Php_opdracht\\root\\src\\myClasses\\author.php on line 39, referer: http://localhost:8080/author/new
[Fri Nov 23 16:45:28 2012] [error] [client ::1] PHP Notice:  Undefined variable: update in C:\\Users\\Thomas\\Documents\\GitHub\\StarApple_Php_opdracht\\root\\src\\myClasses\\author.php on line 39, referer: http://localhost:8080/author/new
[Fri Nov 23 17:18:05 2012] [error] [client ::1] PHP Notice:  Undefined index: tile in C:\\Users\\Thomas\\Documents\\GitHub\\StarApple_Php_opdracht\\root\\src\\myClasses\\post.php on line 31, referer: http://localhost:8080/post/edit/2
[Fri Nov 23 17:52:52 2012] [error] [client ::1] PHP Parse error:  syntax error, unexpected T_LNUMBER in C:\\Users\\Thomas\\Documents\\GitHub\\StarApple_Php_opdracht\\root\\src\\myClasses\\author.php on line 37, referer: http://localhost:8080/author/edit/1
[Fri Nov 23 17:58:31 2012] [error] [client ::1] PHP Parse error:  syntax error, unexpected '(' in C:\\Users\\Thomas\\Documents\\GitHub\\StarApple_Php_opdracht\\root\\src\\myClasses\\author.php on line 19
[Fri Nov 23 18:00:15 2012] [error] [client ::1] PHP Parse error:  syntax error, unexpected '(' in C:\\Users\\Thomas\\Documents\\GitHub\\StarApple_Php_opdracht\\root\\src\\myClasses\\author.php on line 19
